<?xml version="1.0" encoding="UTF-8"?>
<!-- Generated by org.testng.reporters.JUnitReportReporter -->
<testsuite name="library.SendReport" tests="1" time="0.045" ignored="0" failures="0" timestamp="02 May 2019 06:08:27 GMT" skipped="0" hostname="SBMAC0261.local" errors="0">
  <testcase name="sendReportTest" time="0.045" classname="library.SendReport"/>
</testsuite> <!-- library.SendReport -->
