<?xml version="1.0" encoding="UTF-8"?>
<!-- Generated by org.testng.reporters.JUnitReportReporter -->
<testsuite name="ExtentReportsDemo" tests="1" time="0.564" ignored="0" failures="0" timestamp="02 May 2019 06:08:27 GMT" skipped="0" hostname="SBMAC0261.local" errors="0">
  <testcase name="loginTest" time="0.564" classname="ExtentReportsDemo"/>
</testsuite> <!-- ExtentReportsDemo -->
