<?xml version="1.0" encoding="UTF-8"?>
<!-- Generated by org.testng.reporters.JUnitReportReporter -->
<testsuite name="tests.NewTest" tests="1" time="36.195" ignored="0" failures="0" timestamp="02 May 2019 06:08:27 GMT" skipped="0" hostname="SBMAC0261.local" errors="0">
  <testcase name="openMyBlog" time="36.195" classname="tests.NewTest"/>
</testsuite> <!-- tests.NewTest -->
