<?xml version="1.0" encoding="UTF-8"?>
<!-- Generated by org.testng.reporters.JUnitReportReporter -->
<testsuite skipped="0" hostname="SBMAC0261.local" name="tests.NewTest" tests="1" failures="0" timestamp="04 Feb 2019 06:16:46 GMT" time="12.394" errors="0">
  <testcase name="openMyBlog" time="12.394" classname="tests.NewTest"/>
</testsuite> <!-- tests.NewTest -->
