<?xml version="1.0" encoding="UTF-8"?>
<!-- Generated by org.testng.reporters.JUnitReportReporter -->
<testsuite name="ExtentReportsDemo" tests="1" time="1.272" ignored="0" failures="0" timestamp="13 Feb 2019 12:26:43 GMT" skipped="0" hostname="SBMAC0261.local" errors="0">
  <testcase name="loginTest" time="1.272" classname="ExtentReportsDemo"/>
</testsuite> <!-- ExtentReportsDemo -->
