<?xml version="1.0" encoding="UTF-8"?>
<!-- Generated by org.testng.reporters.JUnitReportReporter -->
<testsuite skipped="0" hostname="SBMAC0261.local" name="tests.NewTest" tests="1" failures="0" timestamp="01 Feb 2019 09:32:54 GMT" time="18.237" errors="0">
  <testcase name="openMyBlog" time="18.237" classname="tests.NewTest"/>
</testsuite> <!-- tests.NewTest -->
