<?xml version="1.0" encoding="UTF-8"?>
<!-- Generated by org.testng.reporters.JUnitReportReporter -->
<testsuite hostname="SBMAC0261.local" name="tests.NewTest" tests="1" failures="0" timestamp="4 Feb 2019 09:07:50 GMT" time="18.582" errors="0">
  <testcase name="openMyBlog" time="18.582" classname="tests.NewTest"/>
</testsuite> <!-- tests.NewTest -->
